# JRE version: OpenJDK Runtime Environment GraalVM CE 22.3.0 (17.0.5+8) (build 17.0.5+8-jvmci-22.3-b08)
# Java VM: OpenJDK 64-Bit Server VM GraalVM CE 22.3.0 (17.0.5+8-jvmci-22.3-b08, mixed mode, sharing, tiered, jvmci, jvmci compiler, compressed oops, compressed class ptrs, parallel gc, linux-amd64)
GC Precious Log:
 CPUs: 8 total, 1 available
 Memory: 1024M
 Large Page Support: Disabled
 NUMA Support: Disabled
 Compressed Oops: Enabled (32-bit)
 Alignments: Space 512K, Generation 512K, Heap 2M
 Heap Min Capacity: 100M
 Heap Initial Capacity: 100M
 Heap Max Capacity: 512M
 Pre-touch: Disabled
 Parallel Workers: 1
Heap:
 PSYoungGen      total 26624K, used 15871K [0x00000000f5580000, 0x00000000f7d00000, 0x0000000100000000)
  eden space 15872K, 99% used [0x00000000f5580000,0x00000000f64ffff8,0x00000000f6500000)
  from space 10752K, 0% used [0x00000000f7280000,0x00000000f7280000,0x00000000f7d00000)
  to   space 7168K, 0% used [0x00000000f6500000,0x00000000f6500000,0x00000000f6c00000)
 ParOldGen       total 349696K, used 349695K [0x00000000e0000000, 0x00000000f5580000, 0x00000000f5580000)
  object space 349696K, 99% used [0x00000000e0000000,0x00000000f557ffe8,0x00000000f5580000)
 Metaspace       used 50859K, committed 51840K, reserved 1097728K
  class space    used 5174K, committed 5632K, reserved 1048576K
GC Heap History (20 events):
Event: 1701.552 GC heap before
{Heap before GC invocations=1592 (full 1472):
 PSYoungGen      total 26624K, used 15871K [0x00000000f5580000, 0x00000000f7d00000, 0x0000000100000000)
  eden space 15872K, 99% used [0x00000000f5580000,0x00000000f64ffff8,0x00000000f6500000)
  from space 10752K, 0% used [0x00000000f7280000,0x00000000f7280000,0x00000000f7d00000)
  to   space 7168K, 0% used [0x00000000f6500000,0x00000000f6500000,0x00000000f6c00000)
 ParOldGen       total 349696K, used 349690K [0x00000000e0000000, 0x00000000f5580000, 0x00000000f5580000)
  object space 349696K, 99% used [0x00000000e0000000,0x00000000f557e900,0x00000000f5580000)
 Metaspace       used 50859K, committed 51840K, reserved 1097728K
  class space    used 5174K, committed 5632K, reserved 1048576K
}
Event: 1702.792 GC heap after
{Heap after GC invocations=1592 (full 1472):
 PSYoungGen      total 23040K, used 15871K [0x00000000f5580000, 0x00000000f7d00000, 0x0000000100000000)
  eden space 15872K, 99% used [0x00000000f5580000,0x00000000f64ffff8,0x00000000f6500000)
  from space 7168K, 0% used [0x00000000f6500000,0x00000000f6500000,0x00000000f6c00000)
  to   space 10752K, 0% used [0x00000000f7280000,0x00000000f7280000,0x00000000f7d00000)
 ParOldGen       total 349696K, used 349690K [0x00000000e0000000, 0x00000000f5580000, 0x00000000f5580000)
  object space 349696K, 99% used [0x00000000e0000000,0x00000000f557e900,0x00000000f5580000)
 Metaspace       used 50859K, committed 51840K, reserved 1097728K
  class space    used 5174K, committed 5632K, reserved 1048576K
}
Event: 1702.792 GC heap before
{Heap before GC invocations=1593 (full 1473):
 PSYoungGen      total 23040K, used 15871K [0x00000000f5580000, 0x00000000f7d00000, 0x0000000100000000)
  eden space 15872K, 99% used [0x00000000f5580000,0x00000000f64ffff8,0x00000000f6500000)
  from space 7168K, 0% used [0x00000000f6500000,0x00000000f6500000,0x00000000f6c00000)
  to   space 10752K, 0% used [0x00000000f7280000,0x00000000f7280000,0x00000000f7d00000)
 ParOldGen       total 349696K, used 349693K [0x00000000e0000000, 0x00000000f5580000, 0x00000000f5580000)
  object space 349696K, 99% used [0x00000000e0000000,0x00000000f557f418,0x00000000f5580000)
 Metaspace       used 50859K, committed 51840K, reserved 1097728K
  class space    used 5174K, committed 5632K, reserved 1048576K
}
Event: 1703.881 GC heap after
{Heap after GC invocations=1593 (full 1473):
 PSYoungGen      total 26624K, used 15871K [0x00000000f5580000, 0x00000000f7d00000, 0x0000000100000000)
  eden space 15872K, 99% used [0x00000000f5580000,0x00000000f64fffe0,0x00000000f6500000)
  from space 10752K, 0% used [0x00000000f7280000,0x00000000f7280000,0x00000000f7d00000)
  to   space 7168K, 0% used [0x00000000f6500000,0x00000000f6500000,0x00000000f6c00000)
 ParOldGen       total 349696K, used 349692K [0x00000000e0000000, 0x00000000f5580000, 0x00000000f5580000)
  object space 349696K, 99% used [0x00000000e0000000,0x00000000f557f0c8,0x00000000f5580000)
 Metaspace       used 50859K, committed 51840K, reserved 1097728K
  class space    used 5174K, committed 5632K, reserved 1048576K
}
Event: 1703.882 GC heap before
{Heap before GC invocations=1594 (full 1474):
 PSYoungGen      total 26624K, used 15871K [0x00000000f5580000, 0x00000000f7d00000, 0x0000000100000000)
  eden space 15872K, 99% used [0x00000000f5580000,0x00000000f64ffff8,0x00000000f6500000)
  from space 10752K, 0% used [0x00000000f7280000,0x00000000f7280000,0x00000000f7d00000)
  to   space 7168K, 0% used [0x00000000f6500000,0x00000000f6500000,0x00000000f6c00000)
 ParOldGen       total 349696K, used 349692K [0x00000000e0000000, 0x00000000f5580000, 0x00000000f5580000)
  object space 349696K, 99% used [0x00000000e0000000,0x00000000f557f0c8,0x00000000f5580000)
 Metaspace       used 50859K, committed 51840K, reserved 1097728K
  class space    used 5174K, committed 5632K, reserved 1048576K
}
Event: 1705.156 GC heap after
{Heap after GC invocations=1594 (full 1474):
 PSYoungGen      total 23040K, used 15871K [0x00000000f5580000, 0x00000000f7d00000, 0x0000000100000000)
  eden space 15872K, 99% used [0x00000000f5580000,0x00000000f64ffff8,0x00000000f6500000)
  from space 7168K, 0% used [0x00000000f6500000,0x00000000f6500000,0x00000000f6c00000)
  to   space 10752K, 0% used [0x00000000f7280000,0x00000000f7280000,0x00000000f7d00000)
 ParOldGen       total 349696K, used 349692K [0x00000000e0000000, 0x00000000f5580000, 0x00000000f5580000)
  object space 349696K, 99% used [0x00000000e0000000,0x00000000f557f0c8,0x00000000f5580000)
 Metaspace       used 50859K, committed 51840K, reserved 1097728K
  class space    used 5174K, committed 5632K, reserved 1048576K
}
Event: 1705.157 GC heap before
{Heap before GC invocations=1595 (full 1475):
 PSYoungGen      total 23040K, used 15871K [0x00000000f5580000, 0x00000000f7d00000, 0x0000000100000000)
  eden space 15872K, 99% used [0x00000000f5580000,0x00000000f64ffff8,0x00000000f6500000)
  from space 7168K, 0% used [0x00000000f6500000,0x00000000f6500000,0x00000000f6c00000)
  to   space 10752K, 0% used [0x00000000f7280000,0x00000000f7280000,0x00000000f7d00000)
 ParOldGen       total 349696K, used 349694K [0x00000000e0000000, 0x00000000f5580000, 0x00000000f5580000)
  object space 349696K, 99% used [0x00000000e0000000,0x00000000f557f8e8,0x00000000f5580000)
 Metaspace       used 50859K, committed 51840K, reserved 1097728K
  class space    used 5174K, committed 5632K, reserved 1048576K
}
Event: 1706.280 GC heap after
{Heap after GC invocations=1595 (full 1475):
 PSYoungGen      total 26624K, used 15871K [0x00000000f5580000, 0x00000000f7d00000, 0x0000000100000000)
  eden space 15872K, 99% used [0x00000000f5580000,0x00000000f64ffff8,0x00000000f6500000)
  from space 10752K, 0% used [0x00000000f7280000,0x00000000f7280000,0x00000000f7d00000)
  to   space 7168K, 0% used [0x00000000f6500000,0x00000000f6500000,0x00000000f6c00000)
 ParOldGen       total 349696K, used 349694K [0x00000000e0000000, 0x00000000f5580000, 0x00000000f5580000)
  object space 349696K, 99% used [0x00000000e0000000,0x00000000f557f820,0x00000000f5580000)
 Metaspace       used 50859K, committed 51840K, reserved 1097728K
  class space    used 5174K, committed 5632K, reserved 1048576K
}
Event: 1706.280 GC heap before
{Heap before GC invocations=1596 (full 1476):
 PSYoungGen      total 26624K, used 15871K [0x00000000f5580000, 0x00000000f7d00000, 0x0000000100000000)
  eden space 15872K, 99% used [0x00000000f5580000,0x00000000f64ffff8,0x00000000f6500000)
  from space 10752K, 0% used [0x00000000f7280000,0x00000000f7280000,0x00000000f7d00000)
  to   space 7168K, 0% used [0x00000000f6500000,0x00000000f6500000,0x00000000f6c00000)
 ParOldGen       total 349696K, used 349695K [0x00000000e0000000, 0x00000000f5580000, 0x00000000f5580000)
  object space 349696K, 99% used [0x00000000e0000000,0x00000000f557fff8,0x00000000f5580000)
 Metaspace       used 50859K, committed 51840K, reserved 1097728K
  class space    used 5174K, committed 5632K, reserved 1048576K
}
Event: 1707.360 GC heap after
{Heap after GC invocations=1596 (full 1476):
 PSYoungGen      total 23040K, used 15871K [0x00000000f5580000, 0x00000000f7d00000, 0x0000000100000000)
  eden space 15872K, 99% used [0x00000000f5580000,0x00000000f64ffff8,0x00000000f6500000)
  from space 7168K, 0% used [0x00000000f6500000,0x00000000f6500000,0x00000000f6c00000)
  to   space 10752K, 0% used [0x00000000f7280000,0x00000000f7280000,0x00000000f7d00000)
 ParOldGen       total 349696K, used 349694K [0x00000000e0000000, 0x00000000f5580000, 0x00000000f5580000)
  object space 349696K, 99% used [0x00000000e0000000,0x00000000f557f840,0x00000000f5580000)
 Metaspace       used 50859K, committed 51840K, reserved 1097728K
  class space    used 5174K, committed 5632K, reserved 1048576K
}
Event: 1707.361 GC heap before
{Heap before GC invocations=1597 (full 1477):
 PSYoungGen      total 23040K, used 15871K [0x00000000f5580000, 0x00000000f7d00000, 0x0000000100000000)
  eden space 15872K, 99% used [0x00000000f5580000,0x00000000f64ffff8,0x00000000f6500000)
  from space 7168K, 0% used [0x00000000f6500000,0x00000000f6500000,0x00000000f6c00000)
  to   space 10752K, 0% used [0x00000000f7280000,0x00000000f7280000,0x00000000f7d00000)
 ParOldGen       total 349696K, used 349694K [0x00000000e0000000, 0x00000000f5580000, 0x00000000f5580000)
  object space 349696K, 99% used [0x00000000e0000000,0x00000000f557fa18,0x00000000f5580000)
 Metaspace       used 50859K, committed 51840K, reserved 1097728K
  class space    used 5174K, committed 5632K, reserved 1048576K
}
Event: 1708.374 GC heap after
{Heap after GC invocations=1597 (full 1477):
 PSYoungGen      total 26624K, used 15871K [0x00000000f5580000, 0x00000000f7d00000, 0x0000000100000000)
  eden space 15872K, 99% used [0x00000000f5580000,0x00000000f64ffff8,0x00000000f6500000)
  from space 10752K, 0% used [0x00000000f7280000,0x00000000f7280000,0x00000000f7d00000)
  to   space 7168K, 0% used [0x00000000f6500000,0x00000000f6500000,0x00000000f6c00000)
 ParOldGen       total 349696K, used 349694K [0x00000000e0000000, 0x00000000f5580000, 0x00000000f5580000)
  object space 349696K, 99% used [0x00000000e0000000,0x00000000f557f820,0x00000000f5580000)
 Metaspace       used 50859K, committed 51840K, reserved 1097728K
  class space    used 5174K, committed 5632K, reserved 1048576K
}
Event: 1708.375 GC heap before
{Heap before GC invocations=1598 (full 1478):
 PSYoungGen      total 26624K, used 15871K [0x00000000f5580000, 0x00000000f7d00000, 0x0000000100000000)
  eden space 15872K, 99% used [0x00000000f5580000,0x00000000f64ffff8,0x00000000f6500000)
  from space 10752K, 0% used [0x00000000f7280000,0x00000000f7280000,0x00000000f7d00000)
  to   space 7168K, 0% used [0x00000000f6500000,0x00000000f6500000,0x00000000f6c00000)
 ParOldGen       total 349696K, used 349695K [0x00000000e0000000, 0x00000000f5580000, 0x00000000f5580000)
  object space 349696K, 99% used [0x00000000e0000000,0x00000000f557fff8,0x00000000f5580000)
 Metaspace       used 50859K, committed 51840K, reserved 1097728K
  class space    used 5174K, committed 5632K, reserved 1048576K
}
Event: 1709.605 GC heap after
{Heap after GC invocations=1598 (full 1478):
 PSYoungGen      total 23040K, used 15871K [0x00000000f5580000, 0x00000000f7d00000, 0x0000000100000000)
  eden space 15872K, 99% used [0x00000000f5580000,0x00000000f64ffff8,0x00000000f6500000)
  from space 7168K, 0% used [0x00000000f6500000,0x00000000f6500000,0x00000000f6c00000)
  to   space 10752K, 0% used [0x00000000f7280000,0x00000000f7280000,0x00000000f7d00000)
 ParOldGen       total 349696K, used 349693K [0x00000000e0000000, 0x00000000f5580000, 0x00000000f5580000)
  object space 349696K, 99% used [0x00000000e0000000,0x00000000f557f7a0,0x00000000f5580000)
 Metaspace       used 50859K, committed 51840K, reserved 1097728K
  class space    used 5174K, committed 5632K, reserved 1048576K
}
Event: 1709.605 GC heap before
{Heap before GC invocations=1599 (full 1479):
 PSYoungGen      total 23040K, used 15871K [0x00000000f5580000, 0x00000000f7d00000, 0x0000000100000000)
  eden space 15872K, 99% used [0x00000000f5580000,0x00000000f64ffff8,0x00000000f6500000)
  from space 7168K, 0% used [0x00000000f6500000,0x00000000f6500000,0x00000000f6c00000)
  to   space 10752K, 0% used [0x00000000f7280000,0x00000000f7280000,0x00000000f7d00000)
 ParOldGen       total 349696K, used 349694K [0x00000000e0000000, 0x00000000f5580000, 0x00000000f5580000)
  object space 349696K, 99% used [0x00000000e0000000,0x00000000f557fa10,0x00000000f5580000)
 Metaspace       used 50859K, committed 51840K, reserved 1097728K
  class space    used 5174K, committed 5632K, reserved 1048576K
}
Event: 1710.809 GC heap after
{Heap after GC invocations=1599 (full 1479):
 PSYoungGen      total 26624K, used 15871K [0x00000000f5580000, 0x00000000f7d00000, 0x0000000100000000)
  eden space 15872K, 99% used [0x00000000f5580000,0x00000000f64ffff8,0x00000000f6500000)
  from space 10752K, 0% used [0x00000000f7280000,0x00000000f7280000,0x00000000f7d00000)
  to   space 7168K, 0% used [0x00000000f6500000,0x00000000f6500000,0x00000000f6c00000)
 ParOldGen       total 349696K, used 349693K [0x00000000e0000000, 0x00000000f5580000, 0x00000000f5580000)
  object space 349696K, 99% used [0x00000000e0000000,0x00000000f557f7a0,0x00000000f5580000)
 Metaspace       used 50859K, committed 51840K, reserved 1097728K
  class space    used 5174K, committed 5632K, reserved 1048576K
}
Event: 1710.810 GC heap before
{Heap before GC invocations=1600 (full 1480):
 PSYoungGen      total 26624K, used 15871K [0x00000000f5580000, 0x00000000f7d00000, 0x0000000100000000)
  eden space 15872K, 99% used [0x00000000f5580000,0x00000000f64ffff8,0x00000000f6500000)
  from space 10752K, 0% used [0x00000000f7280000,0x00000000f7280000,0x00000000f7d00000)
  to   space 7168K, 0% used [0x00000000f6500000,0x00000000f6500000,0x00000000f6c00000)
 ParOldGen       total 349696K, used 349694K [0x00000000e0000000, 0x00000000f5580000, 0x00000000f5580000)
  object space 349696K, 99% used [0x00000000e0000000,0x00000000f557f858,0x00000000f5580000)
 Metaspace       used 50859K, committed 51840K, reserved 1097728K
  class space    used 5174K, committed 5632K, reserved 1048576K
}
Event: 1712.064 GC heap after
{Heap after GC invocations=1600 (full 1480):
 PSYoungGen      total 23040K, used 15871K [0x00000000f5580000, 0x00000000f7d00000, 0x0000000100000000)
  eden space 15872K, 99% used [0x00000000f5580000,0x00000000f64ffff8,0x00000000f6500000)
  from space 7168K, 0% used [0x00000000f6500000,0x00000000f6500000,0x00000000f6c00000)
  to   space 10752K, 0% used [0x00000000f7280000,0x00000000f7280000,0x00000000f7d00000)
 ParOldGen       total 349696K, used 349693K [0x00000000e0000000, 0x00000000f5580000, 0x00000000f5580000)
  object space 349696K, 99% used [0x00000000e0000000,0x00000000f557f7b8,0x00000000f5580000)
 Metaspace       used 50859K, committed 51840K, reserved 1097728K
  class space    used 5174K, committed 5632K, reserved 1048576K
}
Event: 1712.064 GC heap before
{Heap before GC invocations=1601 (full 1481):
 PSYoungGen      total 23040K, used 15871K [0x00000000f5580000, 0x00000000f7d00000, 0x0000000100000000)
  eden space 15872K, 99% used [0x00000000f5580000,0x00000000f64ffff8,0x00000000f6500000)
  from space 7168K, 0% used [0x00000000f6500000,0x00000000f6500000,0x00000000f6c00000)
  to   space 10752K, 0% used [0x00000000f7280000,0x00000000f7280000,0x00000000f7d00000)
 ParOldGen       total 349696K, used 349693K [0x00000000e0000000, 0x00000000f5580000, 0x00000000f5580000)
  object space 349696K, 99% used [0x00000000e0000000,0x00000000f557f7b8,0x00000000f5580000)
 Metaspace       used 50859K, committed 51840K, reserved 1097728K
  class space    used 5174K, committed 5632K, reserved 1048576K
}
Event: 1713.248 GC heap after
{Heap after GC invocations=1601 (full 1481):
 PSYoungGen      total 26624K, used 15871K [0x00000000f5580000, 0x00000000f7d00000, 0x0000000100000000)
  eden space 15872K, 99% used [0x00000000f5580000,0x00000000f64ffff8,0x00000000f6500000)
  from space 10752K, 0% used [0x00000000f7280000,0x00000000f7280000,0x00000000f7d00000)
  to   space 7168K, 0% used [0x00000000f6500000,0x00000000f6500000,0x00000000f6c00000)
 ParOldGen       total 349696K, used 349693K [0x00000000e0000000, 0x00000000f5580000, 0x00000000f5580000)
  object space 349696K, 99% used [0x00000000e0000000,0x00000000f557f7b8,0x00000000f5580000)
 Metaspace       used 50859K, committed 51840K, reserved 1097728K
  class space    used 5174K, committed 5632K, reserved 1048576K
}

